<?xml version="1.0" encoding="UTF-8" standalone="no"?><testsuite errors="1" failures="0" name="Registro de personal" skipped="0" tests="1" time="0.34" timestamp="2024-06-04 02:43:43"><testcase name="registro de usuario"><error message="No stage available - it looks like you haven't called the setTheStage() method before calling this one." type="net.serenitybdd.screenplay.actors.NoStageException">No stage available - it looks like you haven't called the setTheStage() method before calling this one.</error><system-err>No stage available - it looks like you haven't called the setTheStage() method before calling this one.&#13;
co.com.choucair.stepdefinitions.RegistroStepdefinitions.elUsuarioIngresaALaPaginaOpensource(RegistroStepdefinitions.java:15)&#13;
✽.El usuario ingresa a la pagina opensource(file:///C:/Users/ctapiase/Documents/XceleraMovil/ProyecBase/RetoExpressTalent/src/test/resources/features/registro.feature:7)&#13;
</system-err></testcase></testsuite>